<?xml version="1.0" encoding="UTF-8"?>
<!-- Generated by org.testng.reporters.JUnitReportReporter -->
<testsuite hostname="DESKTOP-1FSL10N" failures="0" tests="4" name="api.test.UserTests" time="5.821" errors="0" timestamp="2025-07-04T20:55:42 IST" skipped="0">
  <testcase classname="api.test.UserTests" name="testPostUser" time="2.158"/>
  <system-out/>
  <testcase classname="api.test.UserTests" name="testGetUserByName" time="1.171"/>
  <system-out/>
  <testcase classname="api.test.UserTests" name="testUpdateUserByName" time="1.438"/>
  <system-out/>
  <testcase classname="api.test.UserTests" name="testDeleteUserByName" time="1.054"/>
  <system-out/>
</testsuite> <!-- api.test.UserTests -->
